<?xml version="1.0" encoding="UTF-8"?>
<!-- Generated by org.testng.reporters.JUnitReportReporter -->
<testsuite hostname="Maniks-MacBook-Air.local" failures="0" tests="1" name="tesngScripts.FirstSampleTest" time="15.336" errors="0" timestamp="2022-05-23T21:10:54 IST" skipped="0">
  <testcase classname="tesngScripts.FirstSampleTest" name="searchJavaTest" time="15.336"/>
  <system-out/>
</testsuite> <!-- tesngScripts.FirstSampleTest -->
